Forest 1
Cut these trees: 1 3 4
Extra wood: 492.00

Forest 2
Cut these trees: 2
Extra wood: 176.00

Forest 3
Cut these trees: 1
Extra wood: 273.00

Forest 4
Cut these trees: 1 2 4 5
Extra wood: 437.00

Forest 5
Cut these trees: 1
Extra wood: 126.00

Forest 6
Cut these trees: 1 3
Extra wood: 354.00

Forest 7
Cut these trees: 1 2 3
Extra wood: 487.00

Forest 8
Cut these trees: 1 2
Extra wood: 369.00

Forest 9
Cut these trees: 2 3 4
Extra wood: 631.00

Forest 10
Cut these trees: 1
Extra wood: 105.00

Forest 11
Cut these trees: 1 2 3 5
Extra wood: 421.00

Forest 12
Cut these trees: 1 2 3
Extra wood: 507.00

Forest 13
Cut these trees: 1 2
Extra wood: 227.45

Forest 14
Cut these trees: 1 2 3
Extra wood: 596.00

Forest 15
Cut these trees: 1 3
Extra wood: 72.00

Forest 16
Cut these trees: 1 3
Extra wood: 514.00

Forest 17
Cut these trees: 2 3 4
Extra wood: 419.00

Forest 18
Cut these trees: 2
Extra wood: 230.00

Forest 19
Cut these trees: 1 3
Extra wood: 218.00

Forest 20
Cut these trees: 1
Extra wood: 252.00

Forest 21
Cut these trees: 1 2 3
Extra wood: 88.38

Forest 22
Cut these trees: 2 3 4 5
Extra wood: 472.00

Forest 23
Cut these trees: 1 2 5
Extra wood: 400.31

Forest 24
Cut these trees: 2 3 4
Extra wood: 467.00

Forest 25
Cut these trees: 2
Extra wood: 14.00

Forest 26
Cut these trees: 1 3
Extra wood: 242.00

Forest 27
Cut these trees: 1 4
Extra wood: 44.07

Forest 28
Cut these trees: 2 3 4 5
Extra wood: 325.00

Forest 29
Cut these trees: 1
Extra wood: 237.00

Forest 30
Cut these trees: 2 3 4
Extra wood: 182.43

Forest 31
Cut these trees: 2
Extra wood: 290.00

Forest 32
Cut these trees: 1 2 4 5
Extra wood: 496.00

Forest 33
Cut these trees: 1 4 5
Extra wood: 99.10

Forest 34
Cut these trees: 1
Extra wood: 94.00

Forest 35
Cut these trees: 1 2 3
Extra wood: 392.00

Forest 36
Cut these trees: 2 3
Extra wood: 362.00

Forest 37
Cut these trees: 1 2
Extra wood: 264.00

Forest 38
Cut these trees: 1 2 3 4
Extra wood: 204.00

Forest 39
Cut these trees: 1 2 4
Extra wood: 299.00

Forest 40
Cut these trees: 1 2 3
Extra wood: 567.00

Forest 41
Cut these trees: 1
Extra wood: 143.00

Forest 42
Cut these trees: 1 2 3 4
Extra wood: 220.00

Forest 43
Cut these trees: 1
Extra wood: 299.00

Forest 44
Cut these trees: 1
Extra wood: 72.00

Forest 45
Cut these trees: 1 2 4
Extra wood: 415.00

Forest 46
Cut these trees: 2 3 4
Extra wood: 536.00

Forest 47
Cut these trees: 2
Extra wood: 219.00

Forest 48
Cut these trees: 2 3
Extra wood: 456.00

Forest 49
Cut these trees: 1
Extra wood: 102.00

Forest 50
Cut these trees: 1 2 4
Extra wood: 221.00

Forest 51
Cut these trees: 2
Extra wood: 197.00

Forest 52
Cut these trees: 1 3 4
Extra wood: 96.06

Forest 53
Cut these trees: 1 2
Extra wood: 400.00

Forest 54
Cut these trees: 1 2 4 5
Extra wood: 547.00

Forest 55
Cut these trees: 1 2
Extra wood: 411.00

Forest 56
Cut these trees: 2
Extra wood: 30.00

Forest 57
Cut these trees: 2 3 4
Extra wood: 528.00

Forest 58
Cut these trees: 1 3
Extra wood: 55.00

Forest 59
Cut these trees: 1 2 3
Extra wood: 120.00

Forest 60
Cut these trees: 1 2 3
Extra wood: 173.00

Forest 61
Cut these trees: 1 2 4 5
Extra wood: 411.00

Forest 62
Cut these trees: 1 2 3
Extra wood: 216.00

Forest 63
Cut these trees: 2 3
Extra wood: 121.00

Forest 64
Cut these trees: 2 3 5
Extra wood: 294.11

Forest 65
Cut these trees: 2 3
Extra wood: 437.00

Forest 66
Cut these trees: 1 3 4
Extra wood: 691.00

Forest 67
Cut these trees: 1
Extra wood: 64.00

Forest 68
Cut these trees: 1 3 4
Extra wood: 348.00

Forest 69
Cut these trees: 2 3
Extra wood: 182.00

Forest 70
Cut these trees: 2 3 4
Extra wood: 238.00

Forest 71
Cut these trees: 1 3 4
Extra wood: 489.00

Forest 72
Cut these trees: 1 2 3
Extra wood: 243.00

Forest 73
Cut these trees: 1 2 3
Extra wood: 93.23

Forest 74
Cut these trees: 1 3
Extra wood: 162.00

Forest 75
Cut these trees: 2 3 4 5
Extra wood: 136.00

Forest 76
Cut these trees: 1 2 3
Extra wood: 303.00

Forest 77
Cut these trees: 3 4 5
Extra wood: 303.58

Forest 78
Cut these trees: 1 2 3
Extra wood: 653.00

Forest 79
Cut these trees: 1 3 4
Extra wood: 632.00

Forest 80
Cut these trees: 1 2 4 5
Extra wood: 674.00

Forest 81
Cut these trees: 1 2 3 5
Extra wood: 499.00

Forest 82
Cut these trees: 1 2 4
Extra wood: 531.00

Forest 83
Cut these trees: 2
Extra wood: 246.00

Forest 84
Cut these trees: 1 2
Extra wood: 282.00

Forest 85
Cut these trees: 1 3
Extra wood: 384.00

Forest 86
Cut these trees: 1 2
Extra wood: 300.00

Forest 87
Cut these trees: 2 3 4
Extra wood: 84.00

Forest 88
Cut these trees: 2 3 4
Extra wood: 760.00

Forest 89
Cut these trees: 1 2
Extra wood: 287.00

Forest 90
Cut these trees: 1 4 5
Extra wood: 203.74

Forest 91
Cut these trees: 1 3 4
Extra wood: 336.00

Forest 92
Cut these trees: 2 3 4
Extra wood: 246.00

Forest 93
Cut these trees: 1
Extra wood: 185.00

Forest 94
Cut these trees: 1 2
Extra wood: 441.00

Forest 95
Cut these trees: 1 2 4
Extra wood: 524.00

Forest 96
Cut these trees: 2 3
Extra wood: 336.00

Forest 97
Cut these trees: 2
Extra wood: 110.00

Forest 98
Cut these trees: 1 2
Extra wood: 356.00

Forest 99
Cut these trees: 1 2 3 4
Extra wood: 481.00

Forest 100
Cut these trees: 1
Extra wood: 198.00
